<?xml version="1.0" encoding="UTF-8"?>
<!-- Generated by org.testng.reporters.JUnitReportReporter -->
<testsuite hostname="DESKTOP-SLHGV21" failures="0" tests="1" name="testCases.tc001_accountRegistrationTest" time="2.743" errors="0" timestamp="2025-06-05T11:45:33 IST" skipped="0">
  <testcase classname="testCases.tc001_accountRegistrationTest" name="verify_account_registration" time="2.743"/>
</testsuite> <!-- testCases.tc001_accountRegistrationTest -->
