<?xml version="1.0" encoding="UTF-8"?>
<!-- Generated by org.testng.reporters.JUnitReportReporter -->
<testsuite hostname="DESKTOP-SLHGV21" failures="0" tests="1" name="testCases.tc002_loginTest" time="2.876" errors="0" timestamp="2025-06-06T16:35:04 IST" skipped="0">
  <testcase classname="testCases.tc002_loginTest" name="verifyLogin" time="2.876"/>
</testsuite> <!-- testCases.tc002_loginTest -->
