<?xml version="1.0" encoding="UTF-8"?>
<!-- Generated by org.testng.reporters.JUnitReportReporter -->
<testsuite hostname="DESKTOP-SLHGV21" failures="0" tests="1" name="testCases.tc002_loginTest" time="3.154" errors="0" timestamp="2025-06-06T18:32:09 IST" skipped="0">
  <testcase classname="testCases.tc002_loginTest" name="verifyLogin" time="3.154"/>
</testsuite> <!-- testCases.tc002_loginTest -->
